<?xml version="1.0" encoding="UTF-8"?>
<!-- Generated by org.testng.reporters.JUnitReportReporter -->
<testsuite hostname="DESKTOP-NQ2L7NS" failures="0" tests="2" name="Train_Script.Test_Script" time="42.799" errors="0" timestamp="2024-10-23T17:23:36 IST" skipped="0">
  <testcase classname="Train_Script.Test_Script" name="train" time="21.431"/>
  <system-out/>
  <testcase classname="Train_Script.Test_Script" name="train" time="21.368"/>
  <system-out/>
</testsuite> <!-- Train_Script.Test_Script -->
